<?xml version="1.0" encoding="UTF-8"?>
<testsuite name="hello.FileUploadTests" tests="3" skipped="0" failures="0" errors="0" timestamp="2017-12-22T13:27:36" hostname="Junaidix.local" time="0.585">
  <properties/>
  <testcase name="shouldSaveUploadedFile" classname="hello.FileUploadTests" time="0.07"/>
  <testcase name="should404WhenMissingFile" classname="hello.FileUploadTests" time="0.127"/>
  <testcase name="shouldListAllFiles" classname="hello.FileUploadTests" time="0.384"/>
  <system-out><![CDATA[21:27:33.114 [Test worker] DEBUG org.springframework.test.context.junit4.SpringJUnit4ClassRunner - SpringJUnit4ClassRunner constructor called with [class hello.FileUploadTests]
21:27:33.122 [Test worker] DEBUG org.springframework.test.context.BootstrapUtils - Instantiating CacheAwareContextLoaderDelegate from class [org.springframework.test.context.cache.DefaultCacheAwareContextLoaderDelegate]
21:27:33.130 [Test worker] DEBUG org.springframework.test.context.BootstrapUtils - Instantiating BootstrapContext using constructor [public org.springframework.test.context.support.DefaultBootstrapContext(java.lang.Class,org.springframework.test.context.CacheAwareContextLoaderDelegate)]
21:27:33.151 [Test worker] DEBUG org.springframework.test.context.BootstrapUtils - Instantiating TestContextBootstrapper for test class [hello.FileUploadTests] from class [org.springframework.boot.test.context.SpringBootTestContextBootstrapper]
21:27:33.164 [Test worker] INFO org.springframework.boot.test.context.SpringBootTestContextBootstrapper - Neither @ContextConfiguration nor @ContextHierarchy found for test class [hello.FileUploadTests], using SpringBootContextLoader
21:27:33.168 [Test worker] DEBUG org.springframework.test.context.support.AbstractContextLoader - Did not detect default resource location for test class [hello.FileUploadTests]: class path resource [hello/FileUploadTests-context.xml] does not exist
21:27:33.168 [Test worker] DEBUG org.springframework.test.context.support.AbstractContextLoader - Did not detect default resource location for test class [hello.FileUploadTests]: class path resource [hello/FileUploadTestsContext.groovy] does not exist
21:27:33.169 [Test worker] INFO org.springframework.test.context.support.AbstractContextLoader - Could not detect default resource locations for test class [hello.FileUploadTests]: no resource found for suffixes {-context.xml, Context.groovy}.
21:27:33.170 [Test worker] INFO org.springframework.test.context.support.AnnotationConfigContextLoaderUtils - Could not detect default configuration classes for test class [hello.FileUploadTests]: FileUploadTests does not declare any static, non-private, non-final, nested classes annotated with @Configuration.
21:27:33.236 [Test worker] DEBUG org.springframework.test.context.support.ActiveProfilesUtils - Could not find an 'annotation declaring class' for annotation type [org.springframework.test.context.ActiveProfiles] and class [hello.FileUploadTests]
21:27:33.242 [Test worker] DEBUG org.springframework.core.env.StandardEnvironment - Adding PropertySource 'systemProperties' with lowest search precedence
21:27:33.243 [Test worker] DEBUG org.springframework.core.env.StandardEnvironment - Adding PropertySource 'systemEnvironment' with lowest search precedence
21:27:33.244 [Test worker] DEBUG org.springframework.core.env.StandardEnvironment - Initialized StandardEnvironment with PropertySources [MapPropertySource@1326605308 {name='systemProperties', properties={java.runtime.name=Java(TM) SE Runtime Environment, sun.boot.library.path=/Library/Java/JavaVirtualMachines/jdk1.8.0_65.jdk/Contents/Home/jre/lib, java.vm.version=25.65-b01, gopherProxySet=false, java.vm.vendor=Oracle Corporation, java.vendor.url=http://java.oracle.com/, path.separator=:, java.vm.name=Java HotSpot(TM) 64-Bit Server VM, file.encoding.pkg=sun.io, sun.java.launcher=SUN_STANDARD, user.country=US, sun.os.patch.level=unknown, java.vm.specification.name=Java Virtual Machine Specification, user.dir=/Users/junaidix/eclipse-workspace/UploadSample, java.runtime.version=1.8.0_65-b17, java.awt.graphicsenv=sun.awt.CGraphicsEnvironment, java.endorsed.dirs=/Library/Java/JavaVirtualMachines/jdk1.8.0_65.jdk/Contents/Home/jre/lib/endorsed, os.arch=x86_64, java.io.tmpdir=/var/folders/k2/k16qq5vd6gj41kxd_z6ykghc0000gn/T/, line.separator=
, java.vm.specification.vendor=Oracle Corporation, user.variant=, os.name=Mac OS X, sun.jnu.encoding=UTF-8, java.library.path=/Users/junaidix/Library/Java/Extensions:/Library/Java/Extensions:/Network/Library/Java/Extensions:/System/Library/Java/Extensions:/usr/lib/java:., java.specification.name=Java Platform API Specification, java.class.version=52.0, org.gradle.native=false, sun.management.compiler=HotSpot 64-Bit Tiered Compilers, os.version=10.13.2, http.nonProxyHosts=local|*.local|169.254/16|*.169.254/16, user.home=/Users/junaidix, user.timezone=Asia/Kuala_Lumpur, java.awt.printerjob=sun.lwawt.macosx.CPrinterJob, file.encoding=UTF-8, java.specification.version=1.8, java.class.path=/Users/junaidix/eclipse-workspace/UploadSample/build/classes/java/test:/Users/junaidix/eclipse-workspace/UploadSample/build/resources/test:/Users/junaidix/eclipse-workspace/UploadSample/build/classes/java/main:/Users/junaidix/eclipse-workspace/UploadSample/build/resources/main:/Users/junaidix/.gradle/caches/modules-2/files-2.1/org.springframework.boot/spring-boot-starter-thymeleaf/1.5.9.RELEASE/f1a07e590d7742b7c57367ba23a3c0eecb491d48/spring-boot-starter-thymeleaf-1.5.9.RELEASE.jar:/Users/junaidix/.gradle/caches/modules-2/files-2.1/org.springframework.boot/spring-boot-starter-test/1.5.9.RELEASE/b5adf6fbf53be00b7ae52f657d564122edbe5156/spring-boot-starter-test-1.5.9.RELEASE.jar:/Users/junaidix/.gradle/caches/modules-2/files-2.1/org.springframework.boot/spring-boot-starter-web/1.5.9.RELEASE/bda9733d5e6ba6d1a97deead1738713dc0631b3e/spring-boot-starter-web-1.5.9.RELEASE.jar:/Users/junaidix/.gradle/caches/modules-2/files-2.1/org.springframework.boot/spring-boot-starter/1.5.9.RELEASE/6bfb34db2715ee86c6e2337fa145650588b4b1b3/spring-boot-starter-1.5.9.RELEASE.jar:/Users/junaidix/.gradle/caches/modules-2/files-2.1/org.thymeleaf/thymeleaf-spring4/2.1.6.RELEASE/a18784dab5e9337a53ce3213b205f927217849f2/thymeleaf-spring4-2.1.6.RELEASE.jar:/Users/junaidix/.gradle/caches/modules-2/files-2.1/nz.net.ultraq.thymeleaf/thymeleaf-layout-dialect/1.4.0/8d7810c069ed1534b9631fb1e85c35973546086/thymeleaf-layout-dialect-1.4.0.jar:/Users/junaidix/.gradle/caches/modules-2/files-2.1/org.springframework.boot/spring-boot-test-autoconfigure/1.5.9.RELEASE/b428495e25b0531b2a977f51c5d29011c817b8ee/spring-boot-test-autoconfigure-1.5.9.RELEASE.jar:/Users/junaidix/.gradle/caches/modules-2/files-2.1/org.springframework.boot/spring-boot-test/1.5.9.RELEASE/7e604d56325f04a8b89a280e647746fc69e5a21f/spring-boot-test-1.5.9.RELEASE.jar:/Users/junaidix/.gradle/caches/modules-2/files-2.1/com.jayway.jsonpath/json-path/2.2.0/22290d17944bd239fabf5ac69005a60a7ecbbbcb/json-path-2.2.0.jar:/Users/junaidix/.gradle/caches/modules-2/files-2.1/junit/junit/4.12/2973d150c0dc1fefe998f834810d68f278ea58ec/junit-4.12.jar:/Users/junaidix/.gradle/caches/modules-2/files-2.1/org.assertj/assertj-core/2.6.0/b532c3fc4f66bcfee4989a3514f1cd56203a33ad/assertj-core-2.6.0.jar:/Users/junaidix/.gradle/caches/modules-2/files-2.1/org.mockito/mockito-core/1.10.19/e8546f5bef4e061d8dd73895b4e8f40e3fe6effe/mockito-core-1.10.19.jar:/Users/junaidix/.gradle/caches/modules-2/files-2.1/org.hamcrest/hamcrest-library/1.3/4785a3c21320980282f9f33d0d1264a69040538f/hamcrest-library-1.3.jar:/Users/junaidix/.gradle/caches/modules-2/files-2.1/org.hamcrest/hamcrest-core/1.3/42a25dc3219429f0e5d060061f71acb49bf010a0/hamcrest-core-1.3.jar:/Users/junaidix/.gradle/caches/modules-2/files-2.1/org.skyscreamer/jsonassert/1.4.0/9cdbb373a06f6513e51e8c545ee6a5e981463edb/jsonassert-1.4.0.jar:/Users/junaidix/.gradle/caches/modules-2/files-2.1/org.springframework/spring-test/4.3.13.RELEASE/f4ff71b0d628d37f334d4f1f197c1b8cea364d01/spring-test-4.3.13.RELEASE.jar:/Users/junaidix/.gradle/caches/modules-2/files-2.1/org.springframework.boot/spring-boot-autoconfigure/1.5.9.RELEASE/88dd18bdaf317ae40971573a051fd47265f2ed39/spring-boot-autoconfigure-1.5.9.RELEASE.jar:/Users/junaidix/.gradle/caches/modules-2/files-2.1/org.springframework.boot/spring-boot/1.5.9.RELEASE/f472cdf948288796fb31e0bb03f6e7b022b763a0/spring-boot-1.5.9.RELEASE.jar:/Users/junaidix/.gradle/caches/modules-2/files-2.1/org.springframework/spring-webmvc/4.3.13.RELEASE/87a095c7a1d13fe433ae6712787238c1dbaa6919/spring-webmvc-4.3.13.RELEASE.jar:/Users/junaidix/.gradle/caches/modules-2/files-2.1/org.springframework/spring-web/4.3.13.RELEASE/7cd084992d546165ede3e99bc31ee49c937f0ce7/spring-web-4.3.13.RELEASE.jar:/Users/junaidix/.gradle/caches/modules-2/files-2.1/org.springframework/spring-context/4.3.13.RELEASE/6ab1c189a13182fa3256f6bbc68fafdaf8f5a19e/spring-context-4.3.13.RELEASE.jar:/Users/junaidix/.gradle/caches/modules-2/files-2.1/org.springframework/spring-aop/4.3.13.RELEASE/61f427b55951f59b50f3c2bd0de3c48960e2a342/spring-aop-4.3.13.RELEASE.jar:/Users/junaidix/.gradle/caches/modules-2/files-2.1/org.springframework/spring-beans/4.3.13.RELEASE/8613a7077722f1d97f8cb3fea4b0b40bfadf4496/spring-beans-4.3.13.RELEASE.jar:/Users/junaidix/.gradle/caches/modules-2/files-2.1/org.springframework/spring-expression/4.3.13.RELEASE/da22bf7df1262e429b49653be6cd5b89b6affe5e/spring-expression-4.3.13.RELEASE.jar:/Users/junaidix/.gradle/caches/modules-2/files-2.1/org.springframework/spring-core/4.3.13.RELEASE/eea18d7f4d01f1baa1b6728b678b5a6fe23c61f6/spring-core-4.3.13.RELEASE.jar:/Users/junaidix/.gradle/caches/modules-2/files-2.1/org.springframework.boot/spring-boot-starter-logging/1.5.9.RELEASE/30fd62a1ce9639759d90d49608501082314c1628/spring-boot-starter-logging-1.5.9.RELEASE.jar:/Users/junaidix/.gradle/caches/modules-2/files-2.1/org.yaml/snakeyaml/1.17/7a27ea250c5130b2922b86dea63cbb1cc10a660c/snakeyaml-1.17.jar:/Users/junaidix/.gradle/caches/modules-2/files-2.1/org.springframework.boot/spring-boot-starter-tomcat/1.5.9.RELEASE/4615056f8a2bcad03ba8cdf410419ee3d101c5bb/spring-boot-starter-tomcat-1.5.9.RELEASE.jar:/Users/junaidix/.gradle/caches/modules-2/files-2.1/org.hibernate/hibernate-validator/5.3.6.Final/4c730be8bf55a8e9a61e79a2f2c079abf48b718/hibernate-validator-5.3.6.Final.jar:/Users/junaidix/.gradle/caches/modules-2/files-2.1/com.fasterxml.jackson.core/jackson-databind/2.8.10/f7b83cb2bc4b88d53961e749e1ad32f49ef017b7/jackson-databind-2.8.10.jar:/Users/junaidix/.gradle/caches/modules-2/files-2.1/org.thymeleaf/thymeleaf/2.1.6.RELEASE/c362b4ecbeddc86a0cb7e767a88ce27e9c8147e6/thymeleaf-2.1.6.RELEASE.jar:/Users/junaidix/.gradle/caches/modules-2/files-2.1/ch.qos.logback/logback-classic/1.1.11/ccedfbacef4a6515d2983e3f89ed753d5d4fb665/logback-classic-1.1.11.jar:/Users/junaidix/.gradle/caches/modules-2/files-2.1/org.slf4j/jcl-over-slf4j/1.7.25/f8c32b13ff142a513eeb5b6330b1588dcb2c0461/jcl-over-slf4j-1.7.25.jar:/Users/junaidix/.gradle/caches/modules-2/files-2.1/org.slf4j/jul-to-slf4j/1.7.25/af5364cd6679bfffb114f0dec8a157aaa283b76/jul-to-slf4j-1.7.25.jar:/Users/junaidix/.gradle/caches/modules-2/files-2.1/org.slf4j/log4j-over-slf4j/1.7.25/a87bb47468f47ee7aabbd54f93e133d4215769c3/log4j-over-slf4j-1.7.25.jar:/Users/junaidix/.gradle/caches/modules-2/files-2.1/org.slf4j/slf4j-api/1.7.25/da76ca59f6a57ee3102f8f9bd9cee742973efa8a/slf4j-api-1.7.25.jar:/Users/junaidix/.gradle/caches/modules-2/files-2.1/org.codehaus.groovy/groovy/2.4.13/de7b73bed517fa1323aab391b719b59c3702391a/groovy-2.4.13.jar:/Users/junaidix/.gradle/caches/modules-2/files-2.1/net.minidev/json-smart/2.2.1/5b9e5df7a62d1279b70dc882b041d249c4f0b002/json-smart-2.2.1.jar:/Users/junaidix/.gradle/caches/modules-2/files-2.1/org.objenesis/objenesis/2.1/87c0ea803b69252868d09308b4618f766f135a96/objenesis-2.1.jar:/Users/junaidix/.gradle/caches/modules-2/files-2.1/com.vaadin.external.google/android-json/0.0.20131108.vaadin1/fa26d351fe62a6a17f5cda1287c1c6110dec413f/android-json-0.0.20131108.vaadin1.jar:/Users/junaidix/.gradle/caches/modules-2/files-2.1/org.apache.tomcat.embed/tomcat-embed-websocket/8.5.23/52f07abcae10dc7e1764304b0877def175c2c833/tomcat-embed-websocket-8.5.23.jar:/Users/junaidix/.gradle/caches/modules-2/files-2.1/org.apache.tomcat.embed/tomcat-embed-core/8.5.23/79261793a47f507890ee08f749b9d81774e4f7f0/tomcat-embed-core-8.5.23.jar:/Users/junaidix/.gradle/caches/modules-2/files-2.1/org.apache.tomcat.embed/tomcat-embed-el/8.5.23/98d979cde444dffa6d434c8377d0123b2dfa614c/tomcat-embed-el-8.5.23.jar:/Users/junaidix/.gradle/caches/modules-2/files-2.1/javax.validation/validation-api/1.1.0.Final/8613ae82954779d518631e05daa73a6a954817d5/validation-api-1.1.0.Final.jar:/Users/junaidix/.gradle/caches/modules-2/files-2.1/org.jboss.logging/jboss-logging/3.3.1.Final/c46217ab74b532568c0ed31dc599db3048bd1b67/jboss-logging-3.3.1.Final.jar:/Users/junaidix/.gradle/caches/modules-2/files-2.1/com.fasterxml/classmate/1.3.4/3d5f48f10bbe4eb7bd862f10c0583be2e0053c6/classmate-1.3.4.jar:/Users/junaidix/.gradle/caches/modules-2/files-2.1/com.fasterxml.jackson.core/jackson-annotations/2.8.0/45b426f7796b741035581a176744d91090e2e6fb/jackson-annotations-2.8.0.jar:/Users/junaidix/.gradle/caches/modules-2/files-2.1/com.fasterxml.jackson.core/jackson-core/2.8.10/eb21a035c66ad307e66ec8fce37f5d50fd62d039/jackson-core-2.8.10.jar:/Users/junaidix/.gradle/caches/modules-2/files-2.1/ognl/ognl/3.0.8/37e1aebfde7eb7baebc9ad4f85116ef9009c5fc5/ognl-3.0.8.jar:/Users/junaidix/.gradle/caches/modules-2/files-2.1/org.javassist/javassist/3.21.0-GA/598244f595db5c5fb713731eddbb1c91a58d959b/javassist-3.21.0-GA.jar:/Users/junaidix/.gradle/caches/modules-2/files-2.1/org.unbescape/unbescape/1.1.0.RELEASE/ab0db4fe0a6fa89fb8da2a40008a4e63a7f3f5b9/unbescape-1.1.0.RELEASE.jar:/Users/junaidix/.gradle/caches/modules-2/files-2.1/net.minidev/accessors-smart/1.1/a527213f2fea112a04c9bdf0ec0264e34104cd08/accessors-smart-1.1.jar:/Users/junaidix/.gradle/caches/modules-2/files-2.1/ch.qos.logback/logback-core/1.1.11/88b8df40340eed549fb07e2613879bf6b006704d/logback-core-1.1.11.jar:/Users/junaidix/.gradle/caches/modules-2/files-2.1/org.apache.tomcat/tomcat-annotations-api/8.5.23/aaf17df9fe0240e9e9d5375d24d5f177174b73d9/tomcat-annotations-api-8.5.23.jar:/Users/junaidix/.gradle/caches/modules-2/files-2.1/org.ow2.asm/asm/5.0.3/dcc2193db20e19e1feca8b1240dbbc4e190824fa/asm-5.0.3.jar, user.name=junaidix, java.vm.specification.version=1.8, sun.java.command=worker.org.gradle.process.internal.worker.GradleWorkerMain 'Gradle Test Executor 1', java.home=/Library/Java/JavaVirtualMachines/jdk1.8.0_65.jdk/Contents/Home/jre, sun.arch.data.model=64, user.language=en, java.specification.vendor=Oracle Corporation, awt.toolkit=sun.lwawt.macosx.LWCToolkit, java.vm.info=mixed mode, java.version=1.8.0_65, java.ext.dirs=/Users/junaidix/Library/Java/Extensions:/Library/Java/JavaVirtualMachines/jdk1.8.0_65.jdk/Contents/Home/jre/lib/ext:/Library/Java/Extensions:/Network/Library/Java/Extensions:/System/Library/Java/Extensions:/usr/lib/java, sun.boot.class.path=/Library/Java/JavaVirtualMachines/jdk1.8.0_65.jdk/Contents/Home/jre/lib/resources.jar:/Library/Java/JavaVirtualMachines/jdk1.8.0_65.jdk/Contents/Home/jre/lib/rt.jar:/Library/Java/JavaVirtualMachines/jdk1.8.0_65.jdk/Contents/Home/jre/lib/sunrsasign.jar:/Library/Java/JavaVirtualMachines/jdk1.8.0_65.jdk/Contents/Home/jre/lib/jsse.jar:/Library/Java/JavaVirtualMachines/jdk1.8.0_65.jdk/Contents/Home/jre/lib/jce.jar:/Library/Java/JavaVirtualMachines/jdk1.8.0_65.jdk/Contents/Home/jre/lib/charsets.jar:/Library/Java/JavaVirtualMachines/jdk1.8.0_65.jdk/Contents/Home/jre/lib/jfr.jar:/Library/Java/JavaVirtualMachines/jdk1.8.0_65.jdk/Contents/Home/jre/classes, java.vendor=Oracle Corporation, org.gradle.test.worker=1, file.separator=/, java.vendor.url.bug=http://bugreport.sun.com/bugreport/, sun.io.unicode.encoding=UnicodeBig, sun.cpu.endian=little, socksNonProxyHosts=local|*.local|169.254/16|*.169.254/16, ftp.nonProxyHosts=local|*.local|169.254/16|*.169.254/16, sun.cpu.isalist=}}, SystemEnvironmentPropertySource@1858700058 {name='systemEnvironment', properties={PATH=/usr/bin:/bin:/usr/sbin:/sbin, APP_ICON_20912=../Resources/Eclipse.icns, SHELL=/bin/bash, USER=junaidix, JAVA_MAIN_CLASS_21585=worker.org.gradle.process.internal.worker.GradleWorkerMain, TMPDIR=/var/folders/k2/k16qq5vd6gj41kxd_z6ykghc0000gn/T/, JAVA_STARTED_ON_FIRST_THREAD_20912=1, SSH_AUTH_SOCK=/private/tmp/com.apple.launchd.ZkY9s7BZ4O/Listeners, DISPLAY=/private/tmp/com.apple.launchd.fQwj4YHbfw/org.macosforge.xquartz:0, XPC_FLAGS=0x0, __CF_USER_TEXT_ENCODING=0x1F5:0x0:0x0, Apple_PubSub_Socket_Render=/private/tmp/com.apple.launchd.cyNHRIYArd/Render, LOGNAME=junaidix, XPC_SERVICE_NAME=org.eclipse.platform.ide.3644, HOME=/Users/junaidix}}]
21:27:33.255 [Test worker] DEBUG org.springframework.core.io.support.PathMatchingResourcePatternResolver - Resolved classpath location [hello/] to resources [URL [file:/Users/junaidix/eclipse-workspace/UploadSample/build/classes/java/test/hello/], URL [file:/Users/junaidix/eclipse-workspace/UploadSample/build/classes/java/main/hello/]]
21:27:33.255 [Test worker] DEBUG org.springframework.core.io.support.PathMatchingResourcePatternResolver - Looking for matching resources in directory tree [/Users/junaidix/eclipse-workspace/UploadSample/build/classes/java/test/hello]
21:27:33.255 [Test worker] DEBUG org.springframework.core.io.support.PathMatchingResourcePatternResolver - Searching directory [/Users/junaidix/eclipse-workspace/UploadSample/build/classes/java/test/hello] for files matching pattern [/Users/junaidix/eclipse-workspace/UploadSample/build/classes/java/test/hello/*.class]
21:27:33.258 [Test worker] DEBUG org.springframework.core.io.support.PathMatchingResourcePatternResolver - Looking for matching resources in directory tree [/Users/junaidix/eclipse-workspace/UploadSample/build/classes/java/main/hello]
21:27:33.258 [Test worker] DEBUG org.springframework.core.io.support.PathMatchingResourcePatternResolver - Searching directory [/Users/junaidix/eclipse-workspace/UploadSample/build/classes/java/main/hello] for files matching pattern [/Users/junaidix/eclipse-workspace/UploadSample/build/classes/java/main/hello/*.class]
21:27:33.259 [Test worker] DEBUG org.springframework.core.io.support.PathMatchingResourcePatternResolver - Resolved location pattern [classpath*:hello/*.class] to resources [file [/Users/junaidix/eclipse-workspace/UploadSample/build/classes/java/test/hello/FileUploadTests.class], file [/Users/junaidix/eclipse-workspace/UploadSample/build/classes/java/main/hello/Application.class], file [/Users/junaidix/eclipse-workspace/UploadSample/build/classes/java/main/hello/FileUploadController.class]]
21:27:33.298 [Test worker] DEBUG org.springframework.context.annotation.ClassPathScanningCandidateComponentProvider - Identified candidate component class: file [/Users/junaidix/eclipse-workspace/UploadSample/build/classes/java/main/hello/Application.class]
21:27:33.308 [Test worker] INFO org.springframework.boot.test.context.SpringBootTestContextBootstrapper - Found @SpringBootConfiguration hello.Application for test class hello.FileUploadTests
21:27:33.311 [Test worker] DEBUG org.springframework.boot.test.context.SpringBootTestContextBootstrapper - @TestExecutionListeners is not present for class [hello.FileUploadTests]: using defaults.
21:27:33.314 [Test worker] INFO org.springframework.boot.test.context.SpringBootTestContextBootstrapper - Loaded default TestExecutionListener class names from location [META-INF/spring.factories]: [org.springframework.boot.test.autoconfigure.restdocs.RestDocsTestExecutionListener, org.springframework.boot.test.autoconfigure.web.client.MockRestServiceServerResetTestExecutionListener, org.springframework.boot.test.autoconfigure.web.servlet.MockMvcPrintOnlyOnFailureTestExecutionListener, org.springframework.boot.test.autoconfigure.web.servlet.WebDriverTestExecutionListener, org.springframework.boot.test.mock.mockito.MockitoTestExecutionListener, org.springframework.boot.test.mock.mockito.ResetMocksTestExecutionListener, org.springframework.test.context.web.ServletTestExecutionListener, org.springframework.test.context.support.DirtiesContextBeforeModesTestExecutionListener, org.springframework.test.context.support.DependencyInjectionTestExecutionListener, org.springframework.test.context.support.DirtiesContextTestExecutionListener, org.springframework.test.context.transaction.TransactionalTestExecutionListener, org.springframework.test.context.jdbc.SqlScriptsTestExecutionListener]
21:27:33.343 [Test worker] INFO org.springframework.boot.test.context.SpringBootTestContextBootstrapper - Could not instantiate TestExecutionListener [org.springframework.test.context.transaction.TransactionalTestExecutionListener]. Specify custom listener classes or make the default listener classes (and their required dependencies) available. Offending class: [org/springframework/transaction/interceptor/TransactionAttributeSource]
21:27:33.346 [Test worker] INFO org.springframework.boot.test.context.SpringBootTestContextBootstrapper - Could not instantiate TestExecutionListener [org.springframework.test.context.jdbc.SqlScriptsTestExecutionListener]. Specify custom listener classes or make the default listener classes (and their required dependencies) available. Offending class: [org/springframework/transaction/interceptor/TransactionAttribute]
21:27:33.349 [Test worker] INFO org.springframework.boot.test.context.SpringBootTestContextBootstrapper - Using TestExecutionListeners: [org.springframework.test.context.web.ServletTestExecutionListener@4e674e7e, org.springframework.test.context.support.DirtiesContextBeforeModesTestExecutionListener@3d55c291, org.springframework.boot.test.autoconfigure.SpringBootDependencyInjectionTestExecutionListener@20f0b9da, org.springframework.test.context.support.DirtiesContextTestExecutionListener@42f75407, org.springframework.boot.test.mock.mockito.ResetMocksTestExecutionListener@3697f699, org.springframework.boot.test.autoconfigure.web.servlet.WebDriverTestExecutionListener@2545fb90, org.springframework.boot.test.autoconfigure.web.client.MockRestServiceServerResetTestExecutionListener@deb88b, org.springframework.boot.test.autoconfigure.restdocs.RestDocsTestExecutionListener@787183fb, org.springframework.boot.test.autoconfigure.web.servlet.MockMvcPrintOnlyOnFailureTestExecutionListener@71db8152, org.springframework.boot.test.mock.mockito.MockitoTestExecutionListener@7bc86d82]
21:27:33.353 [Test worker] DEBUG org.springframework.test.annotation.ProfileValueUtils - Retrieved @ProfileValueSourceConfiguration [null] for test class [hello.FileUploadTests]
21:27:33.353 [Test worker] DEBUG org.springframework.test.annotation.ProfileValueUtils - Retrieved ProfileValueSource type [class org.springframework.test.annotation.SystemProfileValueSource] for class [hello.FileUploadTests]
21:27:33.354 [Test worker] DEBUG org.springframework.test.annotation.ProfileValueUtils - Retrieved @ProfileValueSourceConfiguration [null] for test class [hello.FileUploadTests]
21:27:33.354 [Test worker] DEBUG org.springframework.test.annotation.ProfileValueUtils - Retrieved ProfileValueSource type [class org.springframework.test.annotation.SystemProfileValueSource] for class [hello.FileUploadTests]
21:27:33.357 [Test worker] DEBUG org.springframework.test.context.support.AbstractDirtiesContextTestExecutionListener - Before test class: context [DefaultTestContext@48e3aac9 testClass = FileUploadTests, testInstance = [null], testMethod = [null], testException = [null], mergedContextConfiguration = [WebMergedContextConfiguration@45696225 testClass = FileUploadTests, locations = '{}', classes = '{class hello.Application}', contextInitializerClasses = '[]', activeProfiles = '{}', propertySourceLocations = '{}', propertySourceProperties = '{org.springframework.boot.test.context.SpringBootTestContextBootstrapper=true}', contextCustomizers = set[org.springframework.boot.test.autoconfigure.properties.PropertyMappingContextCustomizer@e7e8512, org.springframework.boot.test.autoconfigure.web.servlet.WebDriverContextCustomizerFactory$Customizer@6a5bbbc7, [ImportsContextCustomizer@635b71ab key = [org.springframework.boot.test.autoconfigure.web.servlet.MockMvcAutoConfiguration, org.springframework.boot.test.autoconfigure.web.servlet.MockMvcSecurityAutoConfiguration, org.springframework.boot.test.autoconfigure.web.servlet.MockMvcWebClientAutoConfiguration, org.springframework.boot.test.autoconfigure.web.servlet.MockMvcWebDriverAutoConfiguration]], org.springframework.boot.test.context.SpringBootTestContextCustomizer@2303b320, org.springframework.boot.test.context.filter.ExcludeFilterContextCustomizer@25ceb340, org.springframework.boot.test.json.DuplicateJsonObjectContextCustomizerFactory$DuplicateJsonObjectContextCustomizer@2bb27693, org.springframework.boot.test.mock.mockito.MockitoContextCustomizer@2bc0b338], resourceBasePath = 'src/main/webapp', contextLoader = 'org.springframework.boot.test.context.SpringBootContextLoader', parent = [null]]], class annotated with @DirtiesContext [false] with mode [null].
21:27:33.358 [Test worker] DEBUG org.springframework.test.annotation.ProfileValueUtils - Retrieved @ProfileValueSourceConfiguration [null] for test class [hello.FileUploadTests]
21:27:33.358 [Test worker] DEBUG org.springframework.test.annotation.ProfileValueUtils - Retrieved ProfileValueSource type [class org.springframework.test.annotation.SystemProfileValueSource] for class [hello.FileUploadTests]
21:27:33.426 [Test worker] DEBUG org.springframework.core.env.StandardEnvironment - Adding PropertySource 'systemProperties' with lowest search precedence
21:27:33.426 [Test worker] DEBUG org.springframework.core.env.StandardEnvironment - Adding PropertySource 'systemEnvironment' with lowest search precedence
21:27:33.426 [Test worker] DEBUG org.springframework.core.env.StandardEnvironment - Initialized StandardEnvironment with PropertySources [MapPropertySource@1936582999 {name='systemProperties', properties={java.runtime.name=Java(TM) SE Runtime Environment, sun.boot.library.path=/Library/Java/JavaVirtualMachines/jdk1.8.0_65.jdk/Contents/Home/jre/lib, java.vm.version=25.65-b01, gopherProxySet=false, java.vm.vendor=Oracle Corporation, java.vendor.url=http://java.oracle.com/, path.separator=:, java.vm.name=Java HotSpot(TM) 64-Bit Server VM, file.encoding.pkg=sun.io, sun.java.launcher=SUN_STANDARD, user.country=US, sun.os.patch.level=unknown, java.vm.specification.name=Java Virtual Machine Specification, user.dir=/Users/junaidix/eclipse-workspace/UploadSample, java.runtime.version=1.8.0_65-b17, java.awt.graphicsenv=sun.awt.CGraphicsEnvironment, java.endorsed.dirs=/Library/Java/JavaVirtualMachines/jdk1.8.0_65.jdk/Contents/Home/jre/lib/endorsed, os.arch=x86_64, java.io.tmpdir=/var/folders/k2/k16qq5vd6gj41kxd_z6ykghc0000gn/T/, line.separator=
, java.vm.specification.vendor=Oracle Corporation, user.variant=, os.name=Mac OS X, sun.jnu.encoding=UTF-8, java.library.path=/Users/junaidix/Library/Java/Extensions:/Library/Java/Extensions:/Network/Library/Java/Extensions:/System/Library/Java/Extensions:/usr/lib/java:., java.specification.name=Java Platform API Specification, java.class.version=52.0, org.gradle.native=false, sun.management.compiler=HotSpot 64-Bit Tiered Compilers, os.version=10.13.2, http.nonProxyHosts=local|*.local|169.254/16|*.169.254/16, user.home=/Users/junaidix, user.timezone=Asia/Kuala_Lumpur, java.awt.printerjob=sun.lwawt.macosx.CPrinterJob, file.encoding=UTF-8, java.specification.version=1.8, java.class.path=/Users/junaidix/eclipse-workspace/UploadSample/build/classes/java/test:/Users/junaidix/eclipse-workspace/UploadSample/build/resources/test:/Users/junaidix/eclipse-workspace/UploadSample/build/classes/java/main:/Users/junaidix/eclipse-workspace/UploadSample/build/resources/main:/Users/junaidix/.gradle/caches/modules-2/files-2.1/org.springframework.boot/spring-boot-starter-thymeleaf/1.5.9.RELEASE/f1a07e590d7742b7c57367ba23a3c0eecb491d48/spring-boot-starter-thymeleaf-1.5.9.RELEASE.jar:/Users/junaidix/.gradle/caches/modules-2/files-2.1/org.springframework.boot/spring-boot-starter-test/1.5.9.RELEASE/b5adf6fbf53be00b7ae52f657d564122edbe5156/spring-boot-starter-test-1.5.9.RELEASE.jar:/Users/junaidix/.gradle/caches/modules-2/files-2.1/org.springframework.boot/spring-boot-starter-web/1.5.9.RELEASE/bda9733d5e6ba6d1a97deead1738713dc0631b3e/spring-boot-starter-web-1.5.9.RELEASE.jar:/Users/junaidix/.gradle/caches/modules-2/files-2.1/org.springframework.boot/spring-boot-starter/1.5.9.RELEASE/6bfb34db2715ee86c6e2337fa145650588b4b1b3/spring-boot-starter-1.5.9.RELEASE.jar:/Users/junaidix/.gradle/caches/modules-2/files-2.1/org.thymeleaf/thymeleaf-spring4/2.1.6.RELEASE/a18784dab5e9337a53ce3213b205f927217849f2/thymeleaf-spring4-2.1.6.RELEASE.jar:/Users/junaidix/.gradle/caches/modules-2/files-2.1/nz.net.ultraq.thymeleaf/thymeleaf-layout-dialect/1.4.0/8d7810c069ed1534b9631fb1e85c35973546086/thymeleaf-layout-dialect-1.4.0.jar:/Users/junaidix/.gradle/caches/modules-2/files-2.1/org.springframework.boot/spring-boot-test-autoconfigure/1.5.9.RELEASE/b428495e25b0531b2a977f51c5d29011c817b8ee/spring-boot-test-autoconfigure-1.5.9.RELEASE.jar:/Users/junaidix/.gradle/caches/modules-2/files-2.1/org.springframework.boot/spring-boot-test/1.5.9.RELEASE/7e604d56325f04a8b89a280e647746fc69e5a21f/spring-boot-test-1.5.9.RELEASE.jar:/Users/junaidix/.gradle/caches/modules-2/files-2.1/com.jayway.jsonpath/json-path/2.2.0/22290d17944bd239fabf5ac69005a60a7ecbbbcb/json-path-2.2.0.jar:/Users/junaidix/.gradle/caches/modules-2/files-2.1/junit/junit/4.12/2973d150c0dc1fefe998f834810d68f278ea58ec/junit-4.12.jar:/Users/junaidix/.gradle/caches/modules-2/files-2.1/org.assertj/assertj-core/2.6.0/b532c3fc4f66bcfee4989a3514f1cd56203a33ad/assertj-core-2.6.0.jar:/Users/junaidix/.gradle/caches/modules-2/files-2.1/org.mockito/mockito-core/1.10.19/e8546f5bef4e061d8dd73895b4e8f40e3fe6effe/mockito-core-1.10.19.jar:/Users/junaidix/.gradle/caches/modules-2/files-2.1/org.hamcrest/hamcrest-library/1.3/4785a3c21320980282f9f33d0d1264a69040538f/hamcrest-library-1.3.jar:/Users/junaidix/.gradle/caches/modules-2/files-2.1/org.hamcrest/hamcrest-core/1.3/42a25dc3219429f0e5d060061f71acb49bf010a0/hamcrest-core-1.3.jar:/Users/junaidix/.gradle/caches/modules-2/files-2.1/org.skyscreamer/jsonassert/1.4.0/9cdbb373a06f6513e51e8c545ee6a5e981463edb/jsonassert-1.4.0.jar:/Users/junaidix/.gradle/caches/modules-2/files-2.1/org.springframework/spring-test/4.3.13.RELEASE/f4ff71b0d628d37f334d4f1f197c1b8cea364d01/spring-test-4.3.13.RELEASE.jar:/Users/junaidix/.gradle/caches/modules-2/files-2.1/org.springframework.boot/spring-boot-autoconfigure/1.5.9.RELEASE/88dd18bdaf317ae40971573a051fd47265f2ed39/spring-boot-autoconfigure-1.5.9.RELEASE.jar:/Users/junaidix/.gradle/caches/modules-2/files-2.1/org.springframework.boot/spring-boot/1.5.9.RELEASE/f472cdf948288796fb31e0bb03f6e7b022b763a0/spring-boot-1.5.9.RELEASE.jar:/Users/junaidix/.gradle/caches/modules-2/files-2.1/org.springframework/spring-webmvc/4.3.13.RELEASE/87a095c7a1d13fe433ae6712787238c1dbaa6919/spring-webmvc-4.3.13.RELEASE.jar:/Users/junaidix/.gradle/caches/modules-2/files-2.1/org.springframework/spring-web/4.3.13.RELEASE/7cd084992d546165ede3e99bc31ee49c937f0ce7/spring-web-4.3.13.RELEASE.jar:/Users/junaidix/.gradle/caches/modules-2/files-2.1/org.springframework/spring-context/4.3.13.RELEASE/6ab1c189a13182fa3256f6bbc68fafdaf8f5a19e/spring-context-4.3.13.RELEASE.jar:/Users/junaidix/.gradle/caches/modules-2/files-2.1/org.springframework/spring-aop/4.3.13.RELEASE/61f427b55951f59b50f3c2bd0de3c48960e2a342/spring-aop-4.3.13.RELEASE.jar:/Users/junaidix/.gradle/caches/modules-2/files-2.1/org.springframework/spring-beans/4.3.13.RELEASE/8613a7077722f1d97f8cb3fea4b0b40bfadf4496/spring-beans-4.3.13.RELEASE.jar:/Users/junaidix/.gradle/caches/modules-2/files-2.1/org.springframework/spring-expression/4.3.13.RELEASE/da22bf7df1262e429b49653be6cd5b89b6affe5e/spring-expression-4.3.13.RELEASE.jar:/Users/junaidix/.gradle/caches/modules-2/files-2.1/org.springframework/spring-core/4.3.13.RELEASE/eea18d7f4d01f1baa1b6728b678b5a6fe23c61f6/spring-core-4.3.13.RELEASE.jar:/Users/junaidix/.gradle/caches/modules-2/files-2.1/org.springframework.boot/spring-boot-starter-logging/1.5.9.RELEASE/30fd62a1ce9639759d90d49608501082314c1628/spring-boot-starter-logging-1.5.9.RELEASE.jar:/Users/junaidix/.gradle/caches/modules-2/files-2.1/org.yaml/snakeyaml/1.17/7a27ea250c5130b2922b86dea63cbb1cc10a660c/snakeyaml-1.17.jar:/Users/junaidix/.gradle/caches/modules-2/files-2.1/org.springframework.boot/spring-boot-starter-tomcat/1.5.9.RELEASE/4615056f8a2bcad03ba8cdf410419ee3d101c5bb/spring-boot-starter-tomcat-1.5.9.RELEASE.jar:/Users/junaidix/.gradle/caches/modules-2/files-2.1/org.hibernate/hibernate-validator/5.3.6.Final/4c730be8bf55a8e9a61e79a2f2c079abf48b718/hibernate-validator-5.3.6.Final.jar:/Users/junaidix/.gradle/caches/modules-2/files-2.1/com.fasterxml.jackson.core/jackson-databind/2.8.10/f7b83cb2bc4b88d53961e749e1ad32f49ef017b7/jackson-databind-2.8.10.jar:/Users/junaidix/.gradle/caches/modules-2/files-2.1/org.thymeleaf/thymeleaf/2.1.6.RELEASE/c362b4ecbeddc86a0cb7e767a88ce27e9c8147e6/thymeleaf-2.1.6.RELEASE.jar:/Users/junaidix/.gradle/caches/modules-2/files-2.1/ch.qos.logback/logback-classic/1.1.11/ccedfbacef4a6515d2983e3f89ed753d5d4fb665/logback-classic-1.1.11.jar:/Users/junaidix/.gradle/caches/modules-2/files-2.1/org.slf4j/jcl-over-slf4j/1.7.25/f8c32b13ff142a513eeb5b6330b1588dcb2c0461/jcl-over-slf4j-1.7.25.jar:/Users/junaidix/.gradle/caches/modules-2/files-2.1/org.slf4j/jul-to-slf4j/1.7.25/af5364cd6679bfffb114f0dec8a157aaa283b76/jul-to-slf4j-1.7.25.jar:/Users/junaidix/.gradle/caches/modules-2/files-2.1/org.slf4j/log4j-over-slf4j/1.7.25/a87bb47468f47ee7aabbd54f93e133d4215769c3/log4j-over-slf4j-1.7.25.jar:/Users/junaidix/.gradle/caches/modules-2/files-2.1/org.slf4j/slf4j-api/1.7.25/da76ca59f6a57ee3102f8f9bd9cee742973efa8a/slf4j-api-1.7.25.jar:/Users/junaidix/.gradle/caches/modules-2/files-2.1/org.codehaus.groovy/groovy/2.4.13/de7b73bed517fa1323aab391b719b59c3702391a/groovy-2.4.13.jar:/Users/junaidix/.gradle/caches/modules-2/files-2.1/net.minidev/json-smart/2.2.1/5b9e5df7a62d1279b70dc882b041d249c4f0b002/json-smart-2.2.1.jar:/Users/junaidix/.gradle/caches/modules-2/files-2.1/org.objenesis/objenesis/2.1/87c0ea803b69252868d09308b4618f766f135a96/objenesis-2.1.jar:/Users/junaidix/.gradle/caches/modules-2/files-2.1/com.vaadin.external.google/android-json/0.0.20131108.vaadin1/fa26d351fe62a6a17f5cda1287c1c6110dec413f/android-json-0.0.20131108.vaadin1.jar:/Users/junaidix/.gradle/caches/modules-2/files-2.1/org.apache.tomcat.embed/tomcat-embed-websocket/8.5.23/52f07abcae10dc7e1764304b0877def175c2c833/tomcat-embed-websocket-8.5.23.jar:/Users/junaidix/.gradle/caches/modules-2/files-2.1/org.apache.tomcat.embed/tomcat-embed-core/8.5.23/79261793a47f507890ee08f749b9d81774e4f7f0/tomcat-embed-core-8.5.23.jar:/Users/junaidix/.gradle/caches/modules-2/files-2.1/org.apache.tomcat.embed/tomcat-embed-el/8.5.23/98d979cde444dffa6d434c8377d0123b2dfa614c/tomcat-embed-el-8.5.23.jar:/Users/junaidix/.gradle/caches/modules-2/files-2.1/javax.validation/validation-api/1.1.0.Final/8613ae82954779d518631e05daa73a6a954817d5/validation-api-1.1.0.Final.jar:/Users/junaidix/.gradle/caches/modules-2/files-2.1/org.jboss.logging/jboss-logging/3.3.1.Final/c46217ab74b532568c0ed31dc599db3048bd1b67/jboss-logging-3.3.1.Final.jar:/Users/junaidix/.gradle/caches/modules-2/files-2.1/com.fasterxml/classmate/1.3.4/3d5f48f10bbe4eb7bd862f10c0583be2e0053c6/classmate-1.3.4.jar:/Users/junaidix/.gradle/caches/modules-2/files-2.1/com.fasterxml.jackson.core/jackson-annotations/2.8.0/45b426f7796b741035581a176744d91090e2e6fb/jackson-annotations-2.8.0.jar:/Users/junaidix/.gradle/caches/modules-2/files-2.1/com.fasterxml.jackson.core/jackson-core/2.8.10/eb21a035c66ad307e66ec8fce37f5d50fd62d039/jackson-core-2.8.10.jar:/Users/junaidix/.gradle/caches/modules-2/files-2.1/ognl/ognl/3.0.8/37e1aebfde7eb7baebc9ad4f85116ef9009c5fc5/ognl-3.0.8.jar:/Users/junaidix/.gradle/caches/modules-2/files-2.1/org.javassist/javassist/3.21.0-GA/598244f595db5c5fb713731eddbb1c91a58d959b/javassist-3.21.0-GA.jar:/Users/junaidix/.gradle/caches/modules-2/files-2.1/org.unbescape/unbescape/1.1.0.RELEASE/ab0db4fe0a6fa89fb8da2a40008a4e63a7f3f5b9/unbescape-1.1.0.RELEASE.jar:/Users/junaidix/.gradle/caches/modules-2/files-2.1/net.minidev/accessors-smart/1.1/a527213f2fea112a04c9bdf0ec0264e34104cd08/accessors-smart-1.1.jar:/Users/junaidix/.gradle/caches/modules-2/files-2.1/ch.qos.logback/logback-core/1.1.11/88b8df40340eed549fb07e2613879bf6b006704d/logback-core-1.1.11.jar:/Users/junaidix/.gradle/caches/modules-2/files-2.1/org.apache.tomcat/tomcat-annotations-api/8.5.23/aaf17df9fe0240e9e9d5375d24d5f177174b73d9/tomcat-annotations-api-8.5.23.jar:/Users/junaidix/.gradle/caches/modules-2/files-2.1/org.ow2.asm/asm/5.0.3/dcc2193db20e19e1feca8b1240dbbc4e190824fa/asm-5.0.3.jar, user.name=junaidix, java.vm.specification.version=1.8, sun.java.command=worker.org.gradle.process.internal.worker.GradleWorkerMain 'Gradle Test Executor 1', java.home=/Library/Java/JavaVirtualMachines/jdk1.8.0_65.jdk/Contents/Home/jre, sun.arch.data.model=64, user.language=en, java.specification.vendor=Oracle Corporation, awt.toolkit=sun.lwawt.macosx.LWCToolkit, java.vm.info=mixed mode, java.version=1.8.0_65, java.ext.dirs=/Users/junaidix/Library/Java/Extensions:/Library/Java/JavaVirtualMachines/jdk1.8.0_65.jdk/Contents/Home/jre/lib/ext:/Library/Java/Extensions:/Network/Library/Java/Extensions:/System/Library/Java/Extensions:/usr/lib/java, sun.boot.class.path=/Library/Java/JavaVirtualMachines/jdk1.8.0_65.jdk/Contents/Home/jre/lib/resources.jar:/Library/Java/JavaVirtualMachines/jdk1.8.0_65.jdk/Contents/Home/jre/lib/rt.jar:/Library/Java/JavaVirtualMachines/jdk1.8.0_65.jdk/Contents/Home/jre/lib/sunrsasign.jar:/Library/Java/JavaVirtualMachines/jdk1.8.0_65.jdk/Contents/Home/jre/lib/jsse.jar:/Library/Java/JavaVirtualMachines/jdk1.8.0_65.jdk/Contents/Home/jre/lib/jce.jar:/Library/Java/JavaVirtualMachines/jdk1.8.0_65.jdk/Contents/Home/jre/lib/charsets.jar:/Library/Java/JavaVirtualMachines/jdk1.8.0_65.jdk/Contents/Home/jre/lib/jfr.jar:/Library/Java/JavaVirtualMachines/jdk1.8.0_65.jdk/Contents/Home/jre/classes, java.vendor=Oracle Corporation, org.gradle.test.worker=1, file.separator=/, java.vendor.url.bug=http://bugreport.sun.com/bugreport/, sun.io.unicode.encoding=UnicodeBig, sun.cpu.endian=little, socksNonProxyHosts=local|*.local|169.254/16|*.169.254/16, ftp.nonProxyHosts=local|*.local|169.254/16|*.169.254/16, sun.cpu.isalist=}}, SystemEnvironmentPropertySource@295137466 {name='systemEnvironment', properties={PATH=/usr/bin:/bin:/usr/sbin:/sbin, APP_ICON_20912=../Resources/Eclipse.icns, SHELL=/bin/bash, USER=junaidix, JAVA_MAIN_CLASS_21585=worker.org.gradle.process.internal.worker.GradleWorkerMain, TMPDIR=/var/folders/k2/k16qq5vd6gj41kxd_z6ykghc0000gn/T/, JAVA_STARTED_ON_FIRST_THREAD_20912=1, SSH_AUTH_SOCK=/private/tmp/com.apple.launchd.ZkY9s7BZ4O/Listeners, DISPLAY=/private/tmp/com.apple.launchd.fQwj4YHbfw/org.macosforge.xquartz:0, XPC_FLAGS=0x0, __CF_USER_TEXT_ENCODING=0x1F5:0x0:0x0, Apple_PubSub_Socket_Render=/private/tmp/com.apple.launchd.cyNHRIYArd/Render, LOGNAME=junaidix, XPC_SERVICE_NAME=org.eclipse.platform.ide.3644, HOME=/Users/junaidix}}]
21:27:33.429 [Test worker] DEBUG org.springframework.core.env.MutablePropertySources - Adding PropertySource 'inline' with highest search precedence
21:27:33.434 [Test worker] DEBUG org.springframework.test.context.support.TestPropertySourceUtils - Adding inlined properties to environment: {spring.jmx.enabled=false, org.springframework.boot.test.context.SpringBootTestContextBootstrapper=true, server.port=-1}
21:27:33.434 [Test worker] DEBUG org.springframework.core.env.StandardEnvironment - Adding PropertySource 'Inlined Test Properties' with highest search precedence

  .   ____          _            __ _ _
 /\\ / ___'_ __ _ _(_)_ __  __ _ \ \ \ \
( ( )\___ | '_ | '_| | '_ \/ _` | \ \ \ \
 \\/  ___)| |_)| | | | | || (_| |  ) ) ) )
  '  |____| .__|_| |_|_| |_\__, | / / / /
 =========|_|==============|___/=/_/_/_/
 :: Spring Boot ::        (v1.5.9.RELEASE)

2017-12-22 21:27:33.868  INFO 21585 --- [    Test worker] hello.FileUploadTests                    : Starting FileUploadTests on Junaidix.local with PID 21585 (started by junaidix in /Users/junaidix/eclipse-workspace/UploadSample)
2017-12-22 21:27:33.870  INFO 21585 --- [    Test worker] hello.FileUploadTests                    : No active profile set, falling back to default profiles: default
2017-12-22 21:27:34.094  INFO 21585 --- [    Test worker] o.s.w.c.s.GenericWebApplicationContext   : Refreshing org.springframework.web.context.support.GenericWebApplicationContext@1c235f67: startup date [Fri Dec 22 21:27:34 MYT 2017]; root of context hierarchy
2017-12-22 21:27:35.512  INFO 21585 --- [    Test worker] o.s.b.t.m.w.SpringBootMockServletContext : Initializing Spring FrameworkServlet ''
2017-12-22 21:27:35.512  INFO 21585 --- [    Test worker] o.s.t.web.servlet.TestDispatcherServlet  : FrameworkServlet '': initialization started
2017-12-22 21:27:35.663  INFO 21585 --- [    Test worker] s.w.s.m.m.a.RequestMappingHandlerMapping : Mapped "{[/],methods=[GET]}" onto public java.lang.String hello.FileUploadController.listUploadedFiles(org.springframework.ui.Model) throws java.io.IOException
2017-12-22 21:27:35.664  INFO 21585 --- [    Test worker] s.w.s.m.m.a.RequestMappingHandlerMapping : Mapped "{[/files/{filename:.+}],methods=[GET]}" onto public org.springframework.http.ResponseEntity<org.springframework.core.io.Resource> hello.FileUploadController.serveFile(java.lang.String)
2017-12-22 21:27:35.664  INFO 21585 --- [    Test worker] s.w.s.m.m.a.RequestMappingHandlerMapping : Mapped "{[/],methods=[POST]}" onto public java.lang.String hello.FileUploadController.handleFileUpload(org.springframework.web.multipart.MultipartFile,org.springframework.web.servlet.mvc.support.RedirectAttributes)
2017-12-22 21:27:35.669  INFO 21585 --- [    Test worker] s.w.s.m.m.a.RequestMappingHandlerMapping : Mapped "{[/error]}" onto public org.springframework.http.ResponseEntity<java.util.Map<java.lang.String, java.lang.Object>> org.springframework.boot.autoconfigure.web.BasicErrorController.error(javax.servlet.http.HttpServletRequest)
2017-12-22 21:27:35.670  INFO 21585 --- [    Test worker] s.w.s.m.m.a.RequestMappingHandlerMapping : Mapped "{[/error],produces=[text/html]}" onto public org.springframework.web.servlet.ModelAndView org.springframework.boot.autoconfigure.web.BasicErrorController.errorHtml(javax.servlet.http.HttpServletRequest,javax.servlet.http.HttpServletResponse)
2017-12-22 21:27:35.713  INFO 21585 --- [    Test worker] o.s.w.s.handler.SimpleUrlHandlerMapping  : Mapped URL path [/webjars/**] onto handler of type [class org.springframework.web.servlet.resource.ResourceHttpRequestHandler]
2017-12-22 21:27:35.713  INFO 21585 --- [    Test worker] o.s.w.s.handler.SimpleUrlHandlerMapping  : Mapped URL path [/**] onto handler of type [class org.springframework.web.servlet.resource.ResourceHttpRequestHandler]
2017-12-22 21:27:35.739  INFO 21585 --- [    Test worker] o.s.w.s.handler.SimpleUrlHandlerMapping  : Mapped URL path [/**/favicon.ico] onto handler of type [class org.springframework.web.servlet.resource.ResourceHttpRequestHandler]
2017-12-22 21:27:35.949  INFO 21585 --- [    Test worker] s.w.s.m.m.a.RequestMappingHandlerAdapter : Looking for @ControllerAdvice: org.springframework.web.context.support.GenericWebApplicationContext@1c235f67: startup date [Fri Dec 22 21:27:34 MYT 2017]; root of context hierarchy
2017-12-22 21:27:36.375  INFO 21585 --- [    Test worker] o.s.t.web.servlet.TestDispatcherServlet  : FrameworkServlet '': initialization completed in 862 ms
2017-12-22 21:27:36.592  INFO 21585 --- [    Test worker] hello.FileUploadTests                    : Started FileUploadTests in 3.149 seconds (JVM running for 4.318)
]]></system-out>
  <system-err><![CDATA[]]></system-err>
</testsuite>
